Determining if the pthread_create exist failed with the following output:
Change Dir: /home/anyuser/Desktop/amos/amos-ss16-proj5/src/StreamDecoder/ProtobufDeserializer/build/CMakeFiles/CMakeTmp

Run Build Command:"/usr/bin/make" "cmTryCompileExec469223960/fast"
/usr/bin/make -f CMakeFiles/cmTryCompileExec469223960.dir/build.make CMakeFiles/cmTryCompileExec469223960.dir/build
make[1]: Entering directory `/home/anyuser/Desktop/amos/amos-ss16-proj5/src/StreamDecoder/ProtobufDeserializer/build/CMakeFiles/CMakeTmp'
/usr/bin/cmake -E cmake_progress_report /home/anyuser/Desktop/amos/amos-ss16-proj5/src/StreamDecoder/ProtobufDeserializer/build/CMakeFiles/CMakeTmp/CMakeFiles 1
Building C object CMakeFiles/cmTryCompileExec469223960.dir/CheckSymbolExists.c.o
/usr/bin/cc    -o CMakeFiles/cmTryCompileExec469223960.dir/CheckSymbolExists.c.o   -c /home/anyuser/Desktop/amos/amos-ss16-proj5/src/StreamDecoder/ProtobufDeserializer/build/CMakeFiles/CMakeTmp/CheckSymbolExists.c
Linking C executable cmTryCompileExec469223960
/usr/bin/cmake -E cmake_link_script CMakeFiles/cmTryCompileExec469223960.dir/link.txt --verbose=1
/usr/bin/cc       CMakeFiles/cmTryCompileExec469223960.dir/CheckSymbolExists.c.o  -o cmTryCompileExec469223960 -rdynamic 
CMakeFiles/cmTryCompileExec469223960.dir/CheckSymbolExists.c.o: In function `main':
CheckSymbolExists.c:(.text+0x16): undefined reference to `pthread_create'
collect2: error: ld returned 1 exit status
make[1]: Leaving directory `/home/anyuser/Desktop/amos/amos-ss16-proj5/src/StreamDecoder/ProtobufDeserializer/build/CMakeFiles/CMakeTmp'
make[1]: *** [cmTryCompileExec469223960] Error 1
make: *** [cmTryCompileExec469223960/fast] Error 2

File /home/anyuser/Desktop/amos/amos-ss16-proj5/src/StreamDecoder/ProtobufDeserializer/build/CMakeFiles/CMakeTmp/CheckSymbolExists.c:
/* */
#include <pthread.h>

int main(int argc, char** argv)
{
  (void)argv;
#ifndef pthread_create
  return ((int*)(&pthread_create))[argc];
#else
  (void)argc;
  return 0;
#endif
}

Determining if the function pthread_create exists in the pthreads failed with the following output:
Change Dir: /home/anyuser/Desktop/amos/amos-ss16-proj5/src/StreamDecoder/ProtobufDeserializer/build/CMakeFiles/CMakeTmp

Run Build Command:"/usr/bin/make" "cmTryCompileExec2579565881/fast"
/usr/bin/make -f CMakeFiles/cmTryCompileExec2579565881.dir/build.make CMakeFiles/cmTryCompileExec2579565881.dir/build
make[1]: Entering directory `/home/anyuser/Desktop/amos/amos-ss16-proj5/src/StreamDecoder/ProtobufDeserializer/build/CMakeFiles/CMakeTmp'
/usr/bin/cmake -E cmake_progress_report /home/anyuser/Desktop/amos/amos-ss16-proj5/src/StreamDecoder/ProtobufDeserializer/build/CMakeFiles/CMakeTmp/CMakeFiles 1
Building C object CMakeFiles/cmTryCompileExec2579565881.dir/CheckFunctionExists.c.o
/usr/bin/cc   -DCHECK_FUNCTION_EXISTS=pthread_create   -o CMakeFiles/cmTryCompileExec2579565881.dir/CheckFunctionExists.c.o   -c /usr/share/cmake-3.2/Modules/CheckFunctionExists.c
Linking C executable cmTryCompileExec2579565881
/usr/bin/cmake -E cmake_link_script CMakeFiles/cmTryCompileExec2579565881.dir/link.txt --verbose=1
/usr/bin/cc   -DCHECK_FUNCTION_EXISTS=pthread_create    CMakeFiles/cmTryCompileExec2579565881.dir/CheckFunctionExists.c.o  -o cmTryCompileExec2579565881 -rdynamic -lpthreads 
/usr/bin/ld: cannot find -lpthreads
collect2: error: ld returned 1 exit status
make[1]: Leaving directory `/home/anyuser/Desktop/amos/amos-ss16-proj5/src/StreamDecoder/ProtobufDeserializer/build/CMakeFiles/CMakeTmp'
make[1]: *** [cmTryCompileExec2579565881] Error 1
make: *** [cmTryCompileExec2579565881/fast] Error 2


